
SQL*Loader: Release 11.2.0.2.0 - Production on Pn Cze 12 07:29:32 2017

Copyright (c) 1982, 2009, Oracle and/or its affiliates.  All rights reserved.

Control File:   data.ctl
Data File:      data.csv
  Bad File:     data.bad
  Discard File:  none specified
 
 (Allow all discards)

Number to load: ALL
Number to skip: 0
Errors allowed: 50
Bind array:     64 rows, maximum of 256000 bytes
Continuation:    none specified
Path used:      Conventional

Table DATA, loaded from every logical record.
Insert option in effect for this table: APPEND

   Column Name                  Position   Len  Term Encl Datatype
------------------------------ ---------- ----- ---- ---- ---------------------
ID_DATY                             FIRST     *   ,       CHARACTER            
DZIEN_TYGODNIA_ID_DNIA               NEXT     *   ,       CHARACTER            
MIESIAC_ID_MIESIACA                  NEXT     *   ,       CHARACTER            
KWARTAL_ID_KWARTALU                  NEXT     *   ,       CHARACTER            
ROK_ID_ROKU                          NEXT     *   ,       CHARACTER            
DATA                                 NEXT     *   ,       CHARACTER            


Table DATA:
  10000 Rows successfully loaded.
  0 Rows not loaded due to data errors.
  0 Rows not loaded because all WHEN clauses were failed.
  0 Rows not loaded because all fields were null.


Space allocated for bind array:                  99072 bytes(64 rows)
Read   buffer bytes: 1048576

Total logical records skipped:          0
Total logical records read:         10000
Total logical records rejected:         0
Total logical records discarded:        0

Run began on Pn Cze 12 07:29:32 2017
Run ended on Pn Cze 12 07:29:32 2017

Elapsed time was:     00:00:00.16
CPU time was:         00:00:00.06
